Arguments: 
  /usr/bin/node /usr/bin/yarn add @fastify/cookie

PATH: 
  /opt/gradle/gradle-lastest/bin:/usr/local/sbin:/usr/local/bin:/usr/sbin:/usr/bin:/sbin:/bin:/usr/games:/usr/local/games:/usr/lib/wsl/lib:/mnt/c/Python312/Scripts/:/mnt/c/Python312/:/mnt/c/Python310/Scripts/:/mnt/c/Python310/:/mnt/c/Program Files/Eclipse Adoptium/jdk-11.0.18.10-hotspot/bin:/mnt/e/oracle/client/pmdpa/product/19.0.0/client_1/bin:/mnt/c/Python27/:/mnt/c/Python27/Scripts:/mnt/c/WINDOWS/system32:/mnt/c/WINDOWS:/mnt/c/WINDOWS/System32/Wbem:/mnt/c/WINDOWS/System32/WindowsPowerShell/v1.0/:/mnt/c/WINDOWS/System32/OpenSSH/:/mnt/c/ProgramData/chocolatey/bin:/mnt/c/Program Files (x86)/Yarn/bin/:/mnt/c/Program Files/Git/cmd:/mnt/c/Program Files/IDM Computer Solutions/UltraEdit:/mnt/c/Program Files/IDM Computer Solutions/UltraCompare:/mnt/c/Android/Sdk/platform-tools:/mnt/c/Android/Sdk/tools:/mnt/c/ProgramData/chocolatey/lib/watchman/tools/watchman-v2022.09.19.00-windows/bin:/mnt/c/Android/Sdk/emulator:/mnt/c/Android/Sdk/tools/bin:/mnt/c/Program Files (x86)/NVIDIA Corporation/PhysX/Common:/mnt/c/Program Files/GitHub CLI/:/mnt/c/Program Files/nodejs/:/mnt/c/Program Files/PowerShell/7/:/mnt/c/Program Files/Docker/Docker/resources/bin:/mnt/c/Users/pmdpa/.console-ninja/.bin:/mnt/c/Users/pmdpa/AppData/Local/pnpm:/mnt/c/Users/pmdpa/AppData/Local/Microsoft/WindowsApps:/mnt/c/Users/pmdpa/AppData/Local/Yarn/bin:/mnt/c/Users/pmdpa/AppData/Local/Programs/Microsoft VS Code/bin:/mnt/c/Program Files/OpenSSL-Win64/bin:/mnt/c/Users/pmdpa/AppData/Roaming/npm:/mnt/c/Users/pmdpa/AppData/Local/Microsoft/WinGet/Links:/usr/lib/jvm/java-11-openjdk-amd64/bin:/home/ppaula/Android/emulator:/home/ppaula/Android/cmdline-tools/tools:/home/ppaula/Android/cmdline-tools/tools/bin:/home/ppaula/Android/platform-tools:/usr/local/go/bin

Yarn version: 
  1.22.19

Node version: 
  18.17.1

Platform: 
  linux x64

Trace: 
  Error: self-signed certificate in certificate chain
      at TLSSocket.onConnectSecure (node:_tls_wrap:1550:34)
      at TLSSocket.emit (node:events:514:28)
      at TLSSocket._finishInit (node:_tls_wrap:967:8)
      at ssl.onhandshakedone (node:_tls_wrap:743:12)

npm manifest: 
  {
    "name": "03-api-solid-desafio",
    "version": "0.0.1",
    "description": "API nodejs - Rockeseat - Ignite - 2023 - Projeto 03 - Desafio",
    "main": "server.ts",
    "author": "Pedro Machado de Paula",
    "license": "MIT",
    "private": true,
    "scripts": {
      "dev": "tsx watch src/server.ts",
      "start": "node build/server.js",
      "test:create-prisma-environment": "cd prisma/vitest-environment-prisma && yarn link",
      "test:install-prisma-environment": "yarn link vitest-environment-prisma",
      "build": "tsup src --out-dir build",
      "lint": "eslint --ext .ts src",
      "test": "vitest run --dir src/use-cases",
      "test:watch": "vitest --dir src/use-cases",
      "test:e2e": "vitest run --dir src/http",
      "test:e2e:watch": "vitest --dir src/http",
      "pretest:e2e": "run-s test:create-prisma-environment test:install-prisma-environment",
      "test:coverage": "vitest run --coverage",
      "test:ui": "vitest --ui --api 9527",
      "p:studio": "npx prisma studio"
    },
    "dependencies": {
      "@fastify/cookie": "8.3.0",
      "@fastify/jwt": "7.2.0",
      "@prisma/client": "4.16.2",
      "bcryptjs": "2.4.3",
      "dayjs": "1.11.9",
      "dotenv": "16.3.1",
      "fastify": "4.19.2",
      "zod": "3.21.4"
    },
    "devDependencies": {
      "@trivago/prettier-plugin-sort-imports": "4.1.1",
      "@types/bcryptjs": "2.4.2",
      "@types/node": "20.4.0",
      "@types/supertest": "2.0.12",
      "@typescript-eslint/eslint-plugin": "5.61.0",
      "@typescript-eslint/parser": "5.61.0",
      "@vitest/coverage-v8": "0.33.0",
      "@vitest/ui": "0.33.0",
      "babel-plugin-module-resolver": "5.0.0",
      "eslint": "8.44.0",
      "eslint-config-prettier": "8.8.0",
      "eslint-import-resolver-babel-module": "5.3.2",
      "eslint-import-resolver-typescript": "3.5.5",
      "eslint-plugin-import": "2.27.5",
      "eslint-plugin-module-resolver": "1.5.0",
      "npm-run-all": "4.1.5",
      "prettier": "3.0.0",
      "prisma": "4.16.2",
      "prisma-docs-generator": "0.8.0",
      "supertest": "6.3.3",
      "tsup": "7.1.0",
      "tsx": "3.12.7",
      "typescript": "5.1.6",
      "vite-tsconfig-paths": "4.2.0",
      "vitest": "0.33.0"
    }
  }

yarn manifest: 
  No manifest

Lockfile: 
  No lockfile
